2022-06-10 18:03:04 - INFO     | FUNCTION: EXTRACT
2022-06-10 18:03:04 - INFO     | PARAMS:
2022-06-10 18:03:04 - INFO     |     output_directory: artifacts/data/raw
2022-06-10 18:03:04 - INFO     | Downloading credit data from https://www.openml.org/d/31
2022-06-10 18:03:04 - INFO     | Credit data downloaded with 1000 rows and 21 columns.
2022-06-10 18:03:04 - INFO     | Saving credit data to `artifacts/data/raw/credit.pkl`
2022-06-10 18:03:05 - INFO     | FUNCTION: EXTRACT
2022-06-10 18:03:05 - INFO     | PARAMS:
2022-06-10 18:03:05 - INFO     |     input_directory: artifacts/data/raw
2022-06-10 18:03:05 - INFO     |     output_directory: artifacts/data/processed
2022-06-10 18:03:05 - INFO     | FUNCTION: TRANSFORM
2022-06-10 18:03:05 - INFO     | PARAMS:
2022-06-10 18:03:05 - INFO     |     input_directory: artifacts/data/raw
2022-06-10 18:03:05 - INFO     |     output_directory: artifacts/data/processed
2022-06-10 18:03:05 - INFO     | Transforming Data
2022-06-10 18:03:05 - INFO     | Done processing credit data.
2022-06-10 18:03:05 - INFO     | Saving credit data to `artifacts/data/processed/credit.pkl`
2022-06-10 18:03:11 - INFO     | *****Timer Started: Loading Data
2022-06-10 18:03:11 - INFO     | *****Timer Finished (0.00 seconds)
2022-06-10 18:03:17 - INFO     | FUNCTION: RUN-EXPERIMENTS
2022-06-10 18:03:17 - INFO     | PARAMS:
2022-06-10 18:03:17 - INFO     |     input_directory: artifacts/data/processed
2022-06-10 18:03:17 - INFO     |     n_iterations: 4
2022-06-10 18:03:17 - INFO     |     n_splits: 3
2022-06-10 18:03:17 - INFO     |     n_repeats: 1
2022-06-10 18:03:17 - INFO     |     score: roc_auc
2022-06-10 18:03:17 - INFO     |     tracking_uri: http://localhost:1234
2022-06-10 18:03:17 - INFO     |     experiment_name: credit
2022-06-10 18:03:17 - INFO     |     registered_model_name: credit_model
2022-06-10 18:03:17 - INFO     |     random_state: 3
2022-06-10 18:03:17 - INFO     | Splitting training & test datasets
2022-06-10 18:03:17 - WARNING  | Retrying (Retry(total=4, connect=4, read=5, redirect=5, status=5)) after connection broken by 'NewConnectionError('<urllib3.connection.HTTPConnection object at 0x14bc75a90>: Failed to establish a new connection: [Errno 61] Connection refused')': /api/2.0/mlflow/experiments/get-by-name?experiment_name=credit
2022-06-10 18:03:21 - WARNING  | Retrying (Retry(total=3, connect=3, read=5, redirect=5, status=5)) after connection broken by 'NewConnectionError('<urllib3.connection.HTTPConnection object at 0x14bc75df0>: Failed to establish a new connection: [Errno 61] Connection refused')': /api/2.0/mlflow/experiments/get-by-name?experiment_name=credit
2022-06-10 18:03:29 - WARNING  | Retrying (Retry(total=2, connect=2, read=5, redirect=5, status=5)) after connection broken by 'NewConnectionError('<urllib3.connection.HTTPConnection object at 0x14bca8b80>: Failed to establish a new connection: [Errno 61] Connection refused')': /api/2.0/mlflow/experiments/get-by-name?experiment_name=credit
2022-06-10 18:03:29 - INFO     | *****Timer Started: Running Model Experiments (BayesSearchCV)
2022-06-10 18:03:44 - INFO     | Best Score: 0.7575739729812215
2022-06-10 18:03:44 - INFO     | Best Params: OrderedDict([('model', RandomForestClassifier(n_estimators=500, random_state=42)), ('prep__non_numeric__encoder__transformer', OneHotEncoder(handle_unknown='ignore')), ('prep__numeric__imputer__transformer', SimpleImputer()), ('prep__numeric__pca__transformer', None), ('prep__numeric__scaler__transformer', None)])
2022-06-10 18:03:46 - INFO     | *****Timer Finished (16.59 seconds)
2022-06-10 18:03:46 - INFO     | No models currently in production.
2022-06-10 18:03:46 - INFO     | Transitioning `credit_model` (version 1) to Production
2022-06-10 18:03:49 - INFO     | MLFlow URI: http://127.0.0.1:1234
2022-06-10 18:03:49 - INFO     | Production Model Version: 1
2022-06-10 18:03:49 - INFO     | *****Timer Started: Loading training/test datasets
2022-06-10 18:03:49 - INFO     | *****Timer Finished (0.00 seconds)
2022-06-10 18:03:49 - INFO     | (800, 20)
2022-06-10 18:03:49 - INFO     | 800
2022-06-10 18:03:49 - INFO     | (200, 20)
2022-06-10 18:03:49 - INFO     | 200
2022-06-10 18:03:49 - INFO     | Best Score: 0.7575739729812215
2022-06-10 18:03:49 - INFO     | Best Params: {'model': 'RandomForestClassifier()', 'imputer': 'SimpleImputer()', 'scaler': 'None', 'pca': 'None', 'encoder': 'OneHotEncoder()'}
2022-06-10 18:03:53 - INFO     | FUNCTION: RUN-EXPERIMENTS
2022-06-10 18:03:53 - INFO     | PARAMS:
2022-06-10 18:03:53 - INFO     |     input_directory: artifacts/data/processed
2022-06-10 18:03:53 - INFO     |     n_iterations: 4
2022-06-10 18:03:53 - INFO     |     n_splits: 3
2022-06-10 18:03:53 - INFO     |     n_repeats: 1
2022-06-10 18:03:53 - INFO     |     score: roc_auc
2022-06-10 18:03:53 - INFO     |     tracking_uri: http://localhost:1234
2022-06-10 18:03:53 - INFO     |     experiment_name: credit
2022-06-10 18:03:53 - INFO     |     registered_model_name: credit_model
2022-06-10 18:03:53 - INFO     |     random_state: 42
2022-06-10 18:03:53 - INFO     | Splitting training & test datasets
2022-06-10 18:03:53 - INFO     | *****Timer Started: Running Model Experiments (BayesSearchCV)
2022-06-10 18:04:06 - INFO     | Best Score: 0.7626843675980791
2022-06-10 18:04:06 - INFO     | Best Params: OrderedDict([('model', RandomForestClassifier(criterion='entropy', max_depth=70,
                       max_features=0.1142268477118407,
                       max_samples=0.5483119512487002, min_samples_leaf=8,
                       min_samples_split=12, n_estimators=553, random_state=42)), ('model__criterion', 'entropy'), ('model__max_depth', 70), ('model__max_features', 0.1142268477118407), ('model__max_samples', 0.5483119512487002), ('model__min_samples_leaf', 8), ('model__min_samples_split', 12), ('model__n_estimators', 553), ('prep__non_numeric__encoder__transformer', OneHotEncoder(handle_unknown='ignore')), ('prep__numeric__imputer__transformer', SimpleImputer(strategy='median')), ('prep__numeric__pca__transformer', PCA(n_components='mle')), ('prep__numeric__scaler__transformer', None)])
2022-06-10 18:04:08 - INFO     | *****Timer Finished (14.50 seconds)
2022-06-10 18:04:08 - INFO     | New Score: roc_auc - 0.7626843675980791 vs Current Production Score: roc_auc - 0.7575739729812215); Keeping Production Model
2022-06-10 18:04:11 - INFO     | MLFlow URI: http://127.0.0.1:1234
2022-06-10 18:04:11 - INFO     | Production Model Version: 1
2022-06-10 18:04:11 - INFO     | *****Timer Started: Loading training/test datasets
2022-06-10 18:04:11 - INFO     | *****Timer Finished (0.00 seconds)
2022-06-10 18:04:11 - INFO     | (800, 20)
2022-06-10 18:04:11 - INFO     | 800
2022-06-10 18:04:11 - INFO     | (200, 20)
2022-06-10 18:04:11 - INFO     | 200
2022-06-10 18:04:11 - INFO     | Best Score: 0.7626843675980791
2022-06-10 18:04:11 - INFO     | Best Params: {'model': 'RandomForestClassifier()', 'max_features': 0.1142268477118407, 'max_depth': 70, 'n_estimators': 553, 'min_samples_split': 12, 'min_samples_leaf': 8, 'max_samples': 0.5483119512487002, 'criterion': 'entropy', 'imputer': "SimpleImputer(strategy='median')", 'scaler': 'None', 'pca': "PCA('mle')", 'encoder': 'OneHotEncoder()'}
2022-06-10 18:04:14 - INFO     | FUNCTION: RUN-EXPERIMENTS
2022-06-10 18:04:14 - INFO     | PARAMS:
2022-06-10 18:04:14 - INFO     |     input_directory: artifacts/data/processed
2022-06-10 18:04:14 - INFO     |     n_iterations: 4
2022-06-10 18:04:14 - INFO     |     n_splits: 3
2022-06-10 18:04:14 - INFO     |     n_repeats: 1
2022-06-10 18:04:14 - INFO     |     score: roc_auc
2022-06-10 18:04:14 - INFO     |     tracking_uri: http://localhost:1234
2022-06-10 18:04:14 - INFO     |     experiment_name: credit
2022-06-10 18:04:14 - INFO     |     registered_model_name: credit_model
2022-06-10 18:04:14 - INFO     |     random_state: 10
2022-06-10 18:04:14 - INFO     | Splitting training & test datasets
2022-06-10 18:04:14 - INFO     | *****Timer Started: Running Model Experiments (BayesSearchCV)
2022-06-10 18:04:28 - INFO     | Best Score: 0.7741786175986968
2022-06-10 18:04:28 - INFO     | Best Params: OrderedDict([('model', RandomForestClassifier(criterion='entropy', max_depth=99,
                       max_features=0.031837350792579364,
                       max_samples=0.9248344222191298, min_samples_leaf=4,
                       min_samples_split=16, n_estimators=1235,
                       random_state=42)), ('model__criterion', 'entropy'), ('model__max_depth', 99), ('model__max_features', 0.031837350792579364), ('model__max_samples', 0.9248344222191298), ('model__min_samples_leaf', 4), ('model__min_samples_split', 16), ('model__n_estimators', 1235), ('prep__non_numeric__encoder__transformer', CustomOrdinalEncoder()), ('prep__numeric__imputer__transformer', SimpleImputer(strategy='median')), ('prep__numeric__pca__transformer', PCA(n_components='mle')), ('prep__numeric__scaler__transformer', None)])
2022-06-10 18:04:30 - INFO     | *****Timer Finished (15.88 seconds)
2022-06-10 18:04:30 - INFO     | Archiving previous model (version 1; roc_auc 0.7575739729812215) and placing new model into Production (roc_auc 0.7741786175986968)
2022-06-10 18:04:30 - INFO     | Transitioning `credit_model` (version 2) to Production
2022-06-10 18:04:34 - INFO     | MLFlow URI: http://127.0.0.1:1234
2022-06-10 18:04:34 - INFO     | Production Model Version: 2
2022-06-10 18:04:34 - INFO     | *****Timer Started: Loading training/test datasets
2022-06-10 18:04:34 - INFO     | *****Timer Finished (0.00 seconds)
2022-06-10 18:04:34 - INFO     | (800, 20)
2022-06-10 18:04:34 - INFO     | 800
2022-06-10 18:04:34 - INFO     | (200, 20)
2022-06-10 18:04:34 - INFO     | 200
2022-06-10 18:04:34 - INFO     | Best Score: 0.7741786175986968
2022-06-10 18:04:34 - INFO     | Best Params: {'model': 'RandomForestClassifier()', 'max_features': 0.031837350792579364, 'max_depth': 99, 'n_estimators': 1235, 'min_samples_split': 16, 'min_samples_leaf': 4, 'max_samples': 0.9248344222191298, 'criterion': 'entropy', 'imputer': "SimpleImputer(strategy='median')", 'scaler': 'None', 'pca': "PCA('mle')", 'encoder': 'CustomOrdinalEncoder()'}
